1726993245086	geckodriver	INFO	Listening on 127.0.0.1:51658
1726993245594	mozrunner::runner	INFO	Running command: MOZ_CRASHREPORTER="1" MOZ_CRASHREPORTER_NO_REPORT="1" MOZ_CRASHREPORTER_SHUTDOWN="1" MOZ_NO_REMOTE="1" "/App ... s" "localhost" "-foreground" "-no-remote" "-profile" "/var/folders/zb/b90dp3c54d30fmwfg7k_2xb40000gn/T/rust_mozprofilegRxmJs"
2024-09-22 11:20:52.547 firefox[99120:13389378] AuthorizationCopyRights failed! NSOSStatusErrorDomain / -60006
WebDriver BiDi listening on ws://127.0.0.1:51659
UNSUPPORTED (log once): POSSIBLE ISSUE: unit 1 GLD_TEXTURE_INDEX_2D is unloadable and bound to sampler type (Float) - using zero texture because texture unloadable
1726993272519	geckodriver	INFO	Listening on 127.0.0.1:51778
1726993273027	mozrunner::runner	INFO	Running command: MOZ_CRASHREPORTER="1" MOZ_CRASHREPORTER_NO_REPORT="1" MOZ_CRASHREPORTER_SHUTDOWN="1" MOZ_NO_REMOTE="1" "/App ... s" "localhost" "-foreground" "-no-remote" "-profile" "/var/folders/zb/b90dp3c54d30fmwfg7k_2xb40000gn/T/rust_mozprofilemgFVRE"
console.warn: services.settings: Ignoring preference override of remote settings server
console.warn: services.settings: Allow by setting MOZ_REMOTE_SETTINGS_DEVTOOLS=1 in the environment
1726993273298	Marionette	INFO	Marionette enabled
console.error: "Warning: unrecognized command line flag" "-remote-allow-hosts"
1726993273598	Marionette	INFO	Listening on port 51784
WebDriver BiDi listening on ws://127.0.0.1:51779
1726993273682	RemoteAgent	WARN	TLS certificate errors will be ignored for this session
UNSUPPORTED (log once): POSSIBLE ISSUE: unit 1 GLD_TEXTURE_INDEX_2D is unloadable and bound to sampler type (Float) - using zero texture because texture unloadable
JavaScript error: resource:///modules/sessionstore/SessionStore.sys.mjs, line 3590: TypeError: this._windows[aWindow.__SSi] is undefined
1726993305026	addons.xpi	ERROR	System addon update list error SyntaxError: XMLHttpRequest.open: 'http://%(server)s/dummy-system-addons.xml' is not a valid URL.
1726993317979	geckodriver	INFO	Listening on 127.0.0.1:51835
1726993318486	mozrunner::runner	INFO	Running command: MOZ_CRASHREPORTER="1" MOZ_CRASHREPORTER_NO_REPORT="1" MOZ_CRASHREPORTER_SHUTDOWN="1" MOZ_NO_REMOTE="1" "/App ... s" "localhost" "-foreground" "-no-remote" "-profile" "/var/folders/zb/b90dp3c54d30fmwfg7k_2xb40000gn/T/rust_mozprofiledChVMq"
console.warn: services.settings: Ignoring preference override of remote settings server
console.warn: services.settings: Allow by setting MOZ_REMOTE_SETTINGS_DEVTOOLS=1 in the environment
1726993318710	Marionette	INFO	Marionette enabled
console.error: "Warning: unrecognized command line flag" "-remote-allow-hosts"
1726993319038	Marionette	INFO	Listening on port 51841
WebDriver BiDi listening on ws://127.0.0.1:51836
1726993319060	RemoteAgent	WARN	TLS certificate errors will be ignored for this session
UNSUPPORTED (log once): POSSIBLE ISSUE: unit 1 GLD_TEXTURE_INDEX_2D is unloadable and bound to sampler type (Float) - using zero texture because texture unloadable
1726993319856	geckodriver	INFO	Listening on 127.0.0.1:51859
1726993320360	mozrunner::runner	INFO	Running command: MOZ_CRASHREPORTER="1" MOZ_CRASHREPORTER_NO_REPORT="1" MOZ_CRASHREPORTER_SHUTDOWN="1" MOZ_NO_REMOTE="1" "/App ... s" "localhost" "-foreground" "-no-remote" "-profile" "/var/folders/zb/b90dp3c54d30fmwfg7k_2xb40000gn/T/rust_mozprofilez2WwZr"
console.warn: services.settings: Ignoring preference override of remote settings server
console.warn: services.settings: Allow by setting MOZ_REMOTE_SETTINGS_DEVTOOLS=1 in the environment
1726993320570	Marionette	INFO	Marionette enabled
console.error: "Warning: unrecognized command line flag" "-remote-allow-hosts"
1726993320786	Marionette	INFO	Listening on port 51866
WebDriver BiDi listening on ws://127.0.0.1:51860
1726993320908	RemoteAgent	WARN	TLS certificate errors will be ignored for this session
UNSUPPORTED (log once): POSSIBLE ISSUE: unit 1 GLD_TEXTURE_INDEX_2D is unloadable and bound to sampler type (Float) - using zero texture because texture unloadable
JavaScript error: resource:///modules/sessionstore/SessionStore.sys.mjs, line 3590: TypeError: this._windows[aWindow.__SSi] is undefined
JavaScript error: resource:///modules/BrowserGlue.sys.mjs, line 5883: TypeError: win is null
JavaScript error: resource:///modules/sessionstore/SessionStore.sys.mjs, line 3590: TypeError: this._windows[aWindow.__SSi] is undefined
1726993327208	Marionette	INFO	Stopped listening on port 51784
console.error: "Failed to fetch https://spocs.getpocket.com/user:" "NetworkError when attempting to fetch resource."
console.warn: TopSitesFeed: Failed to fetch data from Contile server: NetworkError when attempting to fetch resource.
1726993329325	Marionette	INFO	Stopped listening on port 51841
console.error: "Failed to fetch https://spocs.getpocket.com/user:" "NetworkError when attempting to fetch resource."
console.warn: TopSitesFeed: Failed to fetch data from Contile server: NetworkError when attempting to fetch resource.
1726993330672	Marionette	INFO	Stopped listening on port 51866
console.error: "Failed to fetch https://spocs.getpocket.com/user:" "NetworkError when attempting to fetch resource."
console.warn: TopSitesFeed: Failed to fetch data from Contile server: NetworkError when attempting to fetch resource.
1726993330705	geckodriver::marionette	ERROR	Failed to close browser connection: unknown error
[ERROR glean_core] Can't persist ping lifetime data: Error { kind: Rkv(IoError(Os { code: 2, kind: NotFound, message: "No such file or directory" })) }
1726993375930	geckodriver	INFO	Listening on 127.0.0.1:51918
1726993375934	mozrunner::runner	INFO	Running command: MOZ_CRASHREPORTER="1" MOZ_CRASHREPORTER_NO_REPORT="1" MOZ_CRASHREPORTER_SHUTDOWN="1" MOZ_NO_REMOTE="1" "/App ... s" "localhost" "-foreground" "-no-remote" "-profile" "/var/folders/zb/b90dp3c54d30fmwfg7k_2xb40000gn/T/rust_mozprofileTQYAsP"
console.warn: services.settings: Ignoring preference override of remote settings server
console.warn: services.settings: Allow by setting MOZ_REMOTE_SETTINGS_DEVTOOLS=1 in the environment
1726993376139	Marionette	INFO	Marionette enabled
console.error: "Warning: unrecognized command line flag" "-remote-allow-hosts"
1726993376348	Marionette	INFO	Listening on port 51922
WebDriver BiDi listening on ws://127.0.0.1:51919
1726993376458	RemoteAgent	WARN	TLS certificate errors will be ignored for this session
UNSUPPORTED (log once): POSSIBLE ISSUE: unit 1 GLD_TEXTURE_INDEX_2D is unloadable and bound to sampler type (Float) - using zero texture because texture unloadable
JavaScript error: http://selenium1py.pythonanywhere.com/ru/, line 374: ReferenceError: oscar is not defined
JavaScript error: http://selenium1py.pythonanywhere.com/ru/accounts/login/, line 624: ReferenceError: oscar is not defined
1726993378571	Marionette	INFO	Stopped listening on port 51922
1726993549175	geckodriver	INFO	Listening on 127.0.0.1:51960
1726993549699	mozrunner::runner	INFO	Running command: MOZ_CRASHREPORTER="1" MOZ_CRASHREPORTER_NO_REPORT="1" MOZ_CRASHREPORTER_SHUTDOWN="1" MOZ_NO_REMOTE="1" "/App ... s" "localhost" "-foreground" "-no-remote" "-profile" "/var/folders/zb/b90dp3c54d30fmwfg7k_2xb40000gn/T/rust_mozprofileQf6s32"
console.warn: services.settings: Ignoring preference override of remote settings server
console.warn: services.settings: Allow by setting MOZ_REMOTE_SETTINGS_DEVTOOLS=1 in the environment
1726993549931	Marionette	INFO	Marionette enabled
console.error: "Warning: unrecognized command line flag" "-remote-allow-hosts"
1726993550108	Marionette	INFO	Listening on port 51966
WebDriver BiDi listening on ws://127.0.0.1:51961
1726993550272	RemoteAgent	WARN	TLS certificate errors will be ignored for this session
UNSUPPORTED (log once): POSSIBLE ISSUE: unit 1 GLD_TEXTURE_INDEX_2D is unloadable and bound to sampler type (Float) - using zero texture because texture unloadable
JavaScript error: http://selenium1py.pythonanywhere.com/ru/, line 374: ReferenceError: oscar is not defined
JavaScript error: http://selenium1py.pythonanywhere.com/ru/accounts/login/, line 624: ReferenceError: oscar is not defined
1726993552297	Marionette	INFO	Stopped listening on port 51966
1726993625113	geckodriver	INFO	Listening on 127.0.0.1:52007
1726993625631	mozrunner::runner	INFO	Running command: MOZ_CRASHREPORTER="1" MOZ_CRASHREPORTER_NO_REPORT="1" MOZ_CRASHREPORTER_SHUTDOWN="1" MOZ_NO_REMOTE="1" "/App ... s" "localhost" "-foreground" "-no-remote" "-profile" "/var/folders/zb/b90dp3c54d30fmwfg7k_2xb40000gn/T/rust_mozprofileYWOtuv"
console.warn: services.settings: Ignoring preference override of remote settings server
console.warn: services.settings: Allow by setting MOZ_REMOTE_SETTINGS_DEVTOOLS=1 in the environment
1726993625863	Marionette	INFO	Marionette enabled
console.error: "Warning: unrecognized command line flag" "-remote-allow-hosts"
1726993626067	Marionette	INFO	Listening on port 52013
WebDriver BiDi listening on ws://127.0.0.1:52008
1726993626194	RemoteAgent	WARN	TLS certificate errors will be ignored for this session
UNSUPPORTED (log once): POSSIBLE ISSUE: unit 1 GLD_TEXTURE_INDEX_2D is unloadable and bound to sampler type (Float) - using zero texture because texture unloadable
JavaScript error: http://selenium1py.pythonanywhere.com/ru/, line 374: ReferenceError: oscar is not defined
JavaScript error: http://selenium1py.pythonanywhere.com/ru/accounts/login/, line 624: ReferenceError: oscar is not defined
1726993628653	Marionette	INFO	Stopped listening on port 52013
